2022-01-17 11:47:32.941  INFO 36360 --- [main] s.c.a.m.SpringCloudAdminMinioApplication : Starting SpringCloudAdminMinioApplication using Java 1.8.0_211 on DESKTOP-90QVKV7 with PID 36360 (D:\Project\spring-cloud-framework\spring-cloud-admin\spring-cloud-admin-minio\target\classes started by admin in D:\Project\spring-cloud-framework\spring-cloud-admin)
2022-01-17 11:47:32.957  INFO 36360 --- [main] s.c.a.m.SpringCloudAdminMinioApplication : No active profile set, falling back to default profiles: default
2022-01-17 11:47:37.394  INFO 36360 --- [main] o.s.cloud.context.scope.GenericScope     : BeanFactory id=58675adc-780f-30f3-969e-243b380f799a
2022-01-17 11:47:37.598  INFO 36360 --- [main] trationDelegate$BeanPostProcessorChecker : Bean 'org.springframework.cloud.client.loadbalancer.reactive.LoadBalancerBeanPostProcessorAutoConfiguration' of type [org.springframework.cloud.client.loadbalancer.reactive.LoadBalancerBeanPostProcessorAutoConfiguration] is not eligible for getting processed by all BeanPostProcessors (for example: not eligible for auto-proxying)
2022-01-17 11:47:37.598  INFO 36360 --- [main] trationDelegate$BeanPostProcessorChecker : Bean 'org.springframework.cloud.client.loadbalancer.reactive.LoadBalancerBeanPostProcessorAutoConfiguration$ReactorDeferringLoadBalancerFilterConfig' of type [org.springframework.cloud.client.loadbalancer.reactive.LoadBalancerBeanPostProcessorAutoConfiguration$ReactorDeferringLoadBalancerFilterConfig] is not eligible for getting processed by all BeanPostProcessors (for example: not eligible for auto-proxying)
2022-01-17 11:47:37.660  INFO 36360 --- [main] trationDelegate$BeanPostProcessorChecker : Bean 'reactorDeferringLoadBalancerExchangeFilterFunction' of type [org.springframework.cloud.client.loadbalancer.reactive.DeferringLoadBalancerExchangeFilterFunction] is not eligible for getting processed by all BeanPostProcessors (for example: not eligible for auto-proxying)
2022-01-17 11:47:43.660  INFO 36360 --- [main] o.s.b.a.e.web.EndpointLinksResolver      : Exposing 2 endpoint(s) beneath base path '/actuator'
2022-01-17 11:47:46.613  INFO 36360 --- [main] DiscoveryClientOptionalArgsConfiguration : Eureka HTTP Client uses RestTemplate.
2022-01-17 11:47:47.019  WARN 36360 --- [main] iguration$LoadBalancerCaffeineWarnLogger : Spring Cloud LoadBalancer is currently working with the default cache. While this cache implementation is useful for development and tests, it's recommended to use Caffeine cache in production.You can switch to using Caffeine cache, by adding it and org.springframework.cache.caffeine.CaffeineCacheManager to the classpath.
2022-01-17 11:47:47.175  INFO 36360 --- [main] o.s.c.n.eureka.InstanceInfoFactory       : Setting initial instance status as: STARTING
2022-01-17 11:47:47.332  INFO 36360 --- [main] com.netflix.discovery.DiscoveryClient    : Initializing Eureka in region us-east-1
2022-01-17 11:47:47.347  INFO 36360 --- [main] c.n.d.s.r.aws.ConfigClusterResolver      : Resolving eureka endpoints via configuration
2022-01-17 11:47:47.425  INFO 36360 --- [main] com.netflix.discovery.DiscoveryClient    : Disable delta property : false
2022-01-17 11:47:47.425  INFO 36360 --- [main] com.netflix.discovery.DiscoveryClient    : Single vip registry refresh property : null
2022-01-17 11:47:47.425  INFO 36360 --- [main] com.netflix.discovery.DiscoveryClient    : Force full registry fetch : false
2022-01-17 11:47:47.425  INFO 36360 --- [main] com.netflix.discovery.DiscoveryClient    : Application is null : false
2022-01-17 11:47:47.425  INFO 36360 --- [main] com.netflix.discovery.DiscoveryClient    : Registered Applications size is zero : true
2022-01-17 11:47:47.425  INFO 36360 --- [main] com.netflix.discovery.DiscoveryClient    : Application version is -1: true
2022-01-17 11:47:47.425  INFO 36360 --- [main] com.netflix.discovery.DiscoveryClient    : Getting all instance registry info from the eureka server
2022-01-17 11:47:50.113  INFO 36360 --- [main] com.netflix.discovery.DiscoveryClient    : The response status is 200
2022-01-17 11:47:50.129  INFO 36360 --- [main] com.netflix.discovery.DiscoveryClient    : Starting heartbeat executor: renew interval is: 30
2022-01-17 11:47:50.129  INFO 36360 --- [main] c.n.discovery.InstanceInfoReplicator     : InstanceInfoReplicator onDemand update allowed rate per min is 4
2022-01-17 11:47:50.207  INFO 36360 --- [main] com.netflix.discovery.DiscoveryClient    : Discovery Client initialized at timestamp 1642391270144 with initial instances count: 0
2022-01-17 11:47:50.207  INFO 36360 --- [main] o.s.c.n.e.s.EurekaServiceRegistry        : Registering application SPRING-CLOUD-ADMIN-MINIO with eureka with status UP
2022-01-17 11:47:50.207  INFO 36360 --- [main] com.netflix.discovery.DiscoveryClient    : Saw local status change event StatusChangeEvent [timestamp=1642391270207, current=UP, previous=STARTING]
2022-01-17 11:47:50.222  INFO 36360 --- [DiscoveryClient-InstanceInfoReplicator-0] com.netflix.discovery.DiscoveryClient    : DiscoveryClient_SPRING-CLOUD-ADMIN-MINIO/20.0.3.9:spring-cloud-admin-minio:9004: registering service...
2022-01-17 11:47:51.222  INFO 36360 --- [main] o.s.b.web.embedded.netty.NettyWebServer  : Netty started on port 9004
2022-01-17 11:47:51.222  INFO 36360 --- [main] .s.c.n.e.s.EurekaAutoServiceRegistration : Updating port to 9004
2022-01-17 11:47:51.442  INFO 36360 --- [main] s.c.a.m.SpringCloudAdminMinioApplication : Started SpringCloudAdminMinioApplication in 25.012 seconds (JVM running for 33.451)
2022-01-17 11:47:51.456  INFO 36360 --- [DiscoveryClient-InstanceInfoReplicator-0] com.netflix.discovery.DiscoveryClient    : DiscoveryClient_SPRING-CLOUD-ADMIN-MINIO/20.0.3.9:spring-cloud-admin-minio:9004 - registration status: 204
2022-01-17 11:48:20.175  INFO 36360 --- [DiscoveryClient-CacheRefreshExecutor-0] com.netflix.discovery.DiscoveryClient    : Disable delta property : false
2022-01-17 11:48:20.206  INFO 36360 --- [DiscoveryClient-CacheRefreshExecutor-0] com.netflix.discovery.DiscoveryClient    : Single vip registry refresh property : null
2022-01-17 11:48:20.206  INFO 36360 --- [DiscoveryClient-CacheRefreshExecutor-0] com.netflix.discovery.DiscoveryClient    : Force full registry fetch : false
2022-01-17 11:48:20.206  INFO 36360 --- [DiscoveryClient-CacheRefreshExecutor-0] com.netflix.discovery.DiscoveryClient    : Application is null : false
2022-01-17 11:48:20.206  INFO 36360 --- [DiscoveryClient-CacheRefreshExecutor-0] com.netflix.discovery.DiscoveryClient    : Registered Applications size is zero : true
2022-01-17 11:48:20.206  INFO 36360 --- [DiscoveryClient-CacheRefreshExecutor-0] com.netflix.discovery.DiscoveryClient    : Application version is -1: false
2022-01-17 11:48:20.206  INFO 36360 --- [DiscoveryClient-CacheRefreshExecutor-0] com.netflix.discovery.DiscoveryClient    : Getting all instance registry info from the eureka server
2022-01-17 11:48:20.581  INFO 36360 --- [DiscoveryClient-CacheRefreshExecutor-0] com.netflix.discovery.DiscoveryClient    : The response status is 200
2022-01-17 11:52:47.521  INFO 36360 --- [AsyncResolver-bootstrap-executor-0] c.n.d.s.r.aws.ConfigClusterResolver      : Resolving eureka endpoints via configuration
2022-01-17 11:57:47.612  INFO 36360 --- [AsyncResolver-bootstrap-executor-0] c.n.d.s.r.aws.ConfigClusterResolver      : Resolving eureka endpoints via configuration
2022-01-17 12:00:00.103  WARN 36360 --- [reactor-http-nio-3] o.s.c.admin.minio.service.MinioService   : Bucket 'asiatrip' already exists.
2022-01-17 12:01:55.326  WARN 36360 --- [DiscoveryClient-0] c.netflix.discovery.TimedSupervisorTask  : task supervisor timed out

java.util.concurrent.TimeoutException: null
	at java.util.concurrent.FutureTask.get(FutureTask.java:205) [na:1.8.0_211]
	at com.netflix.discovery.TimedSupervisorTask.run(TimedSupervisorTask.java:68) ~[eureka-client-1.10.17.jar:1.10.17]
	at java.util.concurrent.Executors$RunnableAdapter.call(Executors.java:511) [na:1.8.0_211]
	at java.util.concurrent.FutureTask.run$$$capture(FutureTask.java:266) [na:1.8.0_211]
	at java.util.concurrent.FutureTask.run(FutureTask.java) [na:1.8.0_211]
	at java.util.concurrent.ScheduledThreadPoolExecutor$ScheduledFutureTask.access$201(ScheduledThreadPoolExecutor.java:180) [na:1.8.0_211]
	at java.util.concurrent.ScheduledThreadPoolExecutor$ScheduledFutureTask.run(ScheduledThreadPoolExecutor.java:293) [na:1.8.0_211]
	at java.util.concurrent.ThreadPoolExecutor.runWorker(ThreadPoolExecutor.java:1149) [na:1.8.0_211]
	at java.util.concurrent.ThreadPoolExecutor$Worker.run(ThreadPoolExecutor.java:624) [na:1.8.0_211]
	at java.lang.Thread.run(Thread.java:748) [na:1.8.0_211]

2022-01-17 12:02:47.775  INFO 36360 --- [AsyncResolver-bootstrap-executor-0] c.n.d.s.r.aws.ConfigClusterResolver      : Resolving eureka endpoints via configuration
2022-01-17 12:07:51.886  INFO 36360 --- [AsyncResolver-bootstrap-executor-0] c.n.d.s.r.aws.ConfigClusterResolver      : Resolving eureka endpoints via configuration
2022-01-17 12:10:00.460  INFO 36360 --- [SpringApplicationShutdownHook] o.s.c.n.e.s.EurekaServiceRegistry        : Unregistering application SPRING-CLOUD-ADMIN-MINIO with eureka with status DOWN
2022-01-17 12:10:00.522  INFO 36360 --- [SpringApplicationShutdownHook] com.netflix.discovery.DiscoveryClient    : Saw local status change event StatusChangeEvent [timestamp=1642392600522, current=DOWN, previous=UP]
2022-01-17 12:10:00.538  INFO 36360 --- [DiscoveryClient-InstanceInfoReplicator-0] com.netflix.discovery.DiscoveryClient    : DiscoveryClient_SPRING-CLOUD-ADMIN-MINIO/20.0.3.9:spring-cloud-admin-minio:9004: registering service...
2022-01-17 12:10:02.038  INFO 36360 --- [DiscoveryClient-InstanceInfoReplicator-0] com.netflix.discovery.DiscoveryClient    : DiscoveryClient_SPRING-CLOUD-ADMIN-MINIO/20.0.3.9:spring-cloud-admin-minio:9004 - registration status: 204
2022-01-17 12:10:04.741  INFO 36360 --- [SpringApplicationShutdownHook] com.netflix.discovery.DiscoveryClient    : Shutting down DiscoveryClient ...
2022-01-17 12:10:07.788  INFO 36360 --- [SpringApplicationShutdownHook] com.netflix.discovery.DiscoveryClient    : Unregistering ...
2022-01-17 12:10:08.210  INFO 36360 --- [SpringApplicationShutdownHook] com.netflix.discovery.DiscoveryClient    : DiscoveryClient_SPRING-CLOUD-ADMIN-MINIO/20.0.3.9:spring-cloud-admin-minio:9004 - deregister  status: 200
2022-01-17 12:10:08.272  INFO 36360 --- [SpringApplicationShutdownHook] com.netflix.discovery.DiscoveryClient    : Completed shut down of DiscoveryClient
2022-01-17 12:11:32.498  INFO 34116 --- [main] s.c.a.m.SpringCloudAdminMinioApplication : Starting SpringCloudAdminMinioApplication using Java 1.8.0_211 on DESKTOP-90QVKV7 with PID 34116 (D:\Project\spring-cloud-framework\spring-cloud-admin\spring-cloud-admin-minio\target\classes started by admin in D:\Project\spring-cloud-framework\spring-cloud-admin)
2022-01-17 12:11:32.514  INFO 34116 --- [main] s.c.a.m.SpringCloudAdminMinioApplication : No active profile set, falling back to default profiles: default
2022-01-17 12:11:35.982  INFO 34116 --- [main] o.s.cloud.context.scope.GenericScope     : BeanFactory id=58675adc-780f-30f3-969e-243b380f799a
2022-01-17 12:11:36.139  INFO 34116 --- [main] trationDelegate$BeanPostProcessorChecker : Bean 'org.springframework.cloud.client.loadbalancer.reactive.LoadBalancerBeanPostProcessorAutoConfiguration' of type [org.springframework.cloud.client.loadbalancer.reactive.LoadBalancerBeanPostProcessorAutoConfiguration] is not eligible for getting processed by all BeanPostProcessors (for example: not eligible for auto-proxying)
2022-01-17 12:11:36.155  INFO 34116 --- [main] trationDelegate$BeanPostProcessorChecker : Bean 'org.springframework.cloud.client.loadbalancer.reactive.LoadBalancerBeanPostProcessorAutoConfiguration$ReactorDeferringLoadBalancerFilterConfig' of type [org.springframework.cloud.client.loadbalancer.reactive.LoadBalancerBeanPostProcessorAutoConfiguration$ReactorDeferringLoadBalancerFilterConfig] is not eligible for getting processed by all BeanPostProcessors (for example: not eligible for auto-proxying)
2022-01-17 12:11:36.155  INFO 34116 --- [main] trationDelegate$BeanPostProcessorChecker : Bean 'reactorDeferringLoadBalancerExchangeFilterFunction' of type [org.springframework.cloud.client.loadbalancer.reactive.DeferringLoadBalancerExchangeFilterFunction] is not eligible for getting processed by all BeanPostProcessors (for example: not eligible for auto-proxying)
2022-01-17 12:11:39.467  INFO 34116 --- [main] o.s.b.a.e.web.EndpointLinksResolver      : Exposing 2 endpoint(s) beneath base path '/actuator'
2022-01-17 12:11:40.107  INFO 34116 --- [main] DiscoveryClientOptionalArgsConfiguration : Eureka HTTP Client uses RestTemplate.
2022-01-17 12:11:40.311  WARN 34116 --- [main] iguration$LoadBalancerCaffeineWarnLogger : Spring Cloud LoadBalancer is currently working with the default cache. While this cache implementation is useful for development and tests, it's recommended to use Caffeine cache in production.You can switch to using Caffeine cache, by adding it and org.springframework.cache.caffeine.CaffeineCacheManager to the classpath.
2022-01-17 12:11:40.498  INFO 34116 --- [main] o.s.c.n.eureka.InstanceInfoFactory       : Setting initial instance status as: STARTING
2022-01-17 12:11:40.607  INFO 34116 --- [main] com.netflix.discovery.DiscoveryClient    : Initializing Eureka in region us-east-1
2022-01-17 12:11:40.639  INFO 34116 --- [main] c.n.d.s.r.aws.ConfigClusterResolver      : Resolving eureka endpoints via configuration
2022-01-17 12:11:40.748  INFO 34116 --- [main] com.netflix.discovery.DiscoveryClient    : Disable delta property : false
2022-01-17 12:11:40.748  INFO 34116 --- [main] com.netflix.discovery.DiscoveryClient    : Single vip registry refresh property : null
2022-01-17 12:11:40.748  INFO 34116 --- [main] com.netflix.discovery.DiscoveryClient    : Force full registry fetch : false
2022-01-17 12:11:40.748  INFO 34116 --- [main] com.netflix.discovery.DiscoveryClient    : Application is null : false
2022-01-17 12:11:40.748  INFO 34116 --- [main] com.netflix.discovery.DiscoveryClient    : Registered Applications size is zero : true
2022-01-17 12:11:40.748  INFO 34116 --- [main] com.netflix.discovery.DiscoveryClient    : Application version is -1: true
2022-01-17 12:11:40.748  INFO 34116 --- [main] com.netflix.discovery.DiscoveryClient    : Getting all instance registry info from the eureka server
2022-01-17 12:11:42.701  INFO 34116 --- [main] com.netflix.discovery.DiscoveryClient    : The response status is 200
2022-01-17 12:11:42.701  INFO 34116 --- [main] com.netflix.discovery.DiscoveryClient    : Starting heartbeat executor: renew interval is: 30
2022-01-17 12:11:42.717  INFO 34116 --- [main] c.n.discovery.InstanceInfoReplicator     : InstanceInfoReplicator onDemand update allowed rate per min is 4
2022-01-17 12:11:42.733  INFO 34116 --- [main] com.netflix.discovery.DiscoveryClient    : Discovery Client initialized at timestamp 1642392702733 with initial instances count: 0
2022-01-17 12:11:42.748  INFO 34116 --- [main] o.s.c.n.e.s.EurekaServiceRegistry        : Registering application SPRING-CLOUD-ADMIN-MINIO with eureka with status UP
2022-01-17 12:11:42.748  INFO 34116 --- [main] com.netflix.discovery.DiscoveryClient    : Saw local status change event StatusChangeEvent [timestamp=1642392702748, current=UP, previous=STARTING]
2022-01-17 12:11:42.764  INFO 34116 --- [DiscoveryClient-InstanceInfoReplicator-0] com.netflix.discovery.DiscoveryClient    : DiscoveryClient_SPRING-CLOUD-ADMIN-MINIO/20.0.3.9:spring-cloud-admin-minio:9004: registering service...
2022-01-17 12:11:43.295  INFO 34116 --- [DiscoveryClient-InstanceInfoReplicator-0] com.netflix.discovery.DiscoveryClient    : DiscoveryClient_SPRING-CLOUD-ADMIN-MINIO/20.0.3.9:spring-cloud-admin-minio:9004 - registration status: 204
2022-01-17 12:11:43.451  INFO 34116 --- [main] o.s.b.web.embedded.netty.NettyWebServer  : Netty started on port 9004
2022-01-17 12:11:43.451  INFO 34116 --- [main] .s.c.n.e.s.EurekaAutoServiceRegistration : Updating port to 9004
2022-01-17 12:11:43.623  INFO 34116 --- [main] s.c.a.m.SpringCloudAdminMinioApplication : Started SpringCloudAdminMinioApplication in 13.924 seconds (JVM running for 17.286)
2022-01-17 12:12:12.717  INFO 34116 --- [DiscoveryClient-CacheRefreshExecutor-0] com.netflix.discovery.DiscoveryClient    : Disable delta property : false
2022-01-17 12:12:12.732  INFO 34116 --- [DiscoveryClient-CacheRefreshExecutor-0] com.netflix.discovery.DiscoveryClient    : Single vip registry refresh property : null
2022-01-17 12:12:12.732  INFO 34116 --- [DiscoveryClient-CacheRefreshExecutor-0] com.netflix.discovery.DiscoveryClient    : Force full registry fetch : false
2022-01-17 12:12:12.732  INFO 34116 --- [DiscoveryClient-CacheRefreshExecutor-0] com.netflix.discovery.DiscoveryClient    : Application is null : false
2022-01-17 12:12:12.732  INFO 34116 --- [DiscoveryClient-CacheRefreshExecutor-0] com.netflix.discovery.DiscoveryClient    : Registered Applications size is zero : true
2022-01-17 12:12:12.732  INFO 34116 --- [DiscoveryClient-CacheRefreshExecutor-0] com.netflix.discovery.DiscoveryClient    : Application version is -1: false
2022-01-17 12:12:12.732  INFO 34116 --- [DiscoveryClient-CacheRefreshExecutor-0] com.netflix.discovery.DiscoveryClient    : Getting all instance registry info from the eureka server
2022-01-17 12:12:12.873  INFO 34116 --- [DiscoveryClient-CacheRefreshExecutor-0] com.netflix.discovery.DiscoveryClient    : The response status is 200
2022-01-17 12:13:57.457  WARN 34116 --- [reactor-http-nio-3] o.s.c.admin.minio.service.MinioService   : Bucket 'asiatrip' already exists.
2022-01-17 12:16:40.820  INFO 34116 --- [AsyncResolver-bootstrap-executor-0] c.n.d.s.r.aws.ConfigClusterResolver      : Resolving eureka endpoints via configuration
